Running in Lattice mode


Starting:    C:\lscc\iCEcube2.2020.12\synpbase\bin64\mbin\synbatch.exe
Install:     C:\lscc\iCEcube2.2020.12\synpbase
Hostname:    ALJAZ-ELITEDESK
Date:        Sat Jan 13 23:04:24 2024
Version:     L-2016.09L+ice40

Arguments:   -product synplify_pro -batch GNSSdemoproject_syn.prj
ProductType: synplify_pro





log file: "C:\Users\Aljaz\OneDrive - Univerza v Ljubljani\PROJEKTI\GPS sprejemnik\FPGA\iCE40UP5K-GNSS-FPGA-board\iCE40UP5K_demo_project\GNSSdemoproject\GNSSdemoproject_Implmnt\GNSSdemoproject.srr"
Running: GNSSdemoproject_Implmnt in foreground

Running GNSSdemoproject_syn|GNSSdemoproject_Implmnt

Running: compile (Compile) on GNSSdemoproject_syn|GNSSdemoproject_Implmnt
# Sat Jan 13 23:04:24 2024

Running: compile_flow (Compile Process) on GNSSdemoproject_syn|GNSSdemoproject_Implmnt
# Sat Jan 13 23:04:24 2024

Running: compiler (Compile Input) on GNSSdemoproject_syn|GNSSdemoproject_Implmnt
# Sat Jan 13 23:04:24 2024
Copied C:\Users\Aljaz\OneDrive - Univerza v Ljubljani\PROJEKTI\GPS sprejemnik\FPGA\iCE40UP5K-GNSS-FPGA-board\iCE40UP5K_demo_project\GNSSdemoproject\GNSSdemoproject_Implmnt\synwork\GNSSdemoproject_comp.srs to C:\Users\Aljaz\OneDrive - Univerza v Ljubljani\PROJEKTI\GPS sprejemnik\FPGA\iCE40UP5K-GNSS-FPGA-board\iCE40UP5K_demo_project\GNSSdemoproject\GNSSdemoproject_Implmnt\GNSSdemoproject.srs

compiler completed
# Sat Jan 13 23:04:26 2024

Return Code: 0
Run Time:00h:00m:02s

Running: multi_srs_gen (Multi-srs Generator) on GNSSdemoproject_syn|GNSSdemoproject_Implmnt
# Sat Jan 13 23:04:26 2024

multi_srs_gen completed
# Sat Jan 13 23:04:26 2024

Return Code: 0
Run Time:00h:00m:00s
Copied C:\Users\Aljaz\OneDrive - Univerza v Ljubljani\PROJEKTI\GPS sprejemnik\FPGA\iCE40UP5K-GNSS-FPGA-board\iCE40UP5K_demo_project\GNSSdemoproject\GNSSdemoproject_Implmnt\synwork\GNSSdemoproject_mult.srs to C:\Users\Aljaz\OneDrive - Univerza v Ljubljani\PROJEKTI\GPS sprejemnik\FPGA\iCE40UP5K-GNSS-FPGA-board\iCE40UP5K_demo_project\GNSSdemoproject\GNSSdemoproject_Implmnt\GNSSdemoproject.srs
Complete: Compile Process on GNSSdemoproject_syn|GNSSdemoproject_Implmnt

Running: premap (Pre-mapping) on GNSSdemoproject_syn|GNSSdemoproject_Implmnt
# Sat Jan 13 23:04:26 2024

premap completed
# Sat Jan 13 23:04:26 2024

Return Code: 0
Run Time:00h:00m:00s
Complete: Compile on GNSSdemoproject_syn|GNSSdemoproject_Implmnt

Running: map (Map) on GNSSdemoproject_syn|GNSSdemoproject_Implmnt
# Sat Jan 13 23:04:26 2024
License granted for 4 parallel jobs

Running: fpga_mapper (Map & Optimize) on GNSSdemoproject_syn|GNSSdemoproject_Implmnt
# Sat Jan 13 23:04:26 2024
Copied C:\Users\Aljaz\OneDrive - Univerza v Ljubljani\PROJEKTI\GPS sprejemnik\FPGA\iCE40UP5K-GNSS-FPGA-board\iCE40UP5K_demo_project\GNSSdemoproject\GNSSdemoproject_Implmnt\synwork\GNSSdemoproject_m.srm to C:\Users\Aljaz\OneDrive - Univerza v Ljubljani\PROJEKTI\GPS sprejemnik\FPGA\iCE40UP5K-GNSS-FPGA-board\iCE40UP5K_demo_project\GNSSdemoproject\GNSSdemoproject_Implmnt\GNSSdemoproject.srm

fpga_mapper completed
# Sat Jan 13 23:04:27 2024

Return Code: 0
Run Time:00h:00m:01s
Complete: Map on GNSSdemoproject_syn|GNSSdemoproject_Implmnt
Complete: Logic Synthesis on GNSSdemoproject_syn|GNSSdemoproject_Implmnt

exit status=0

exit status=0

