# ******************************************************************************

# iCEcube Static Timer

# Version:            2020.12.27943

# Build Date:         Dec  9 2020 17:33:20

# File Generated:     Jan 13 2024 16:22:03

# Purpose:            Timing Report with critical paths info

# Copyright (C) 2006-2010 by Lattice Semiconductor Corp. All rights reserved.

# ******************************************************************************

Device: iCE40UP5K
Derating factors (Best:Typical:Worst) :-  ( 0.491675 : 0.859651 : 1.32445 )
Derating factor used to generate this timing report:  Worst
Based on the following operating conditions 
Junction Temperature(degree Celsius): 85
Core Voltage(V): 1.14
Process Corner:  Worst
NOTE:
Please check both worst-case and best-case scenarios for "Setup Times" 
and "Hold Times" checks
Maximum Operating Frequency is: N/A


 #####################################################################
                    3::Datasheet Report

All values are in Picoseconds
 =====================================================================

                        3.1::Setup Times
                        ----------------

Data Port  Clock Port  Setup Times  Clock Reference:Phase  
---------  ----------  -----------  ---------------------  


                       3.2::Clock to Out
                       -----------------

Data Port  Clock Port  Clock to Out  Clock Reference:Phase  
---------  ----------  ------------  ---------------------  


                         3.3::Pad to Pad
                         ---------------

Port Name (Input)  Port Name (Output)  Pad to Pad  
-----------------  ------------------  ----------  
clk                out                 6214        


                         3.4::Hold Times
                         ---------------

Data Port  Clock Port  Hold Times  Clock Reference:Phase  
---------  ----------  ----------  ---------------------  


               3.5::Minimum Clock to Out
               -------------------------

Data Port  Clock Port  Minimum Clock to Out  Clock Reference:Phase  
---------  ----------  --------------------  ---------------------  


                 3.6::Minimum Pad To Pad
                 -----------------------

Port Name (Input)  Port Name (Output)  Minimum Pad To Pad  
-----------------  ------------------  ------------------  
clk                out                 5539                

 =====================================================================
                    End of Datasheet Report
 #####################################################################

 #####################################################################
                    6::Path Details for DataSheet
 =====================================================================


6.3::PI to PO Path Details              
--------------------------------------------------

6.3.1::Path details for port: out       
--------------------------------------------------

++++ Path 1 ++++++++++++++++++++++++++++++++++++++++++++++++++++++++++

Output Port      : out
Input Port       : clk
Pad to Pad Delay : 6214

Pad to Pad Path
pin name                       model name              delay  cummulative delay  edge  Fanout  
-----------------------------  ----------------------  -----  -----------------  ----  ------  
clk                            TOP                     0      0                  RISE  1       
clk_ibuf_iopad/PACKAGEPIN:in   IO_PAD                  0      0                  RISE  1       
clk_ibuf_iopad/DOUT            IO_PAD                  510    510                RISE  1       
clk_ibuf_preio/PADIN           PRE_IO_PIN_TYPE_000001  0      510                RISE  1       
clk_ibuf_preio/DIN0            PRE_IO_PIN_TYPE_000001  490    1000               RISE  1       
I__5/I                         Odrv4                   0      1000               RISE  1       
I__5/O                         Odrv4                   596    1596               RISE  1       
I__6/I                         LocalMux                0      1596               RISE  1       
I__6/O                         LocalMux                1099   2695               RISE  1       
I__7/I                         IoInMux                 0      2695               RISE  1       
I__7/O                         IoInMux                 662    3358               RISE  1       
out_obuf_preio/DOUT0           PRE_IO_PIN_TYPE_011001  0      3358               RISE  1       
out_obuf_preio/PADOUT          PRE_IO_PIN_TYPE_011001  768    4126               FALL  1       
out_obuf_iopad/DIN             IO_PAD                  0      4126               FALL  1       
out_obuf_iopad/PACKAGEPIN:out  IO_PAD                  2088   6214               FALL  1       
out                            TOP                     0      6214               FALL  1       

6.6::Min PI to PO Path Details          
--------------------------------------------------

6.6.1::Path details for port: out       
--------------------------------------------------

++++ Path 1 ++++++++++++++++++++++++++++++++++++++++++++++++++++++++++

Output Port      : out
Input Port       : clk
Pad to Pad Delay : 5539

Pad to Pad Path
pin name                       model name              delay  cummulative delay  edge  Fanout  
-----------------------------  ----------------------  -----  -----------------  ----  ------  
clk                            TOP                     0      0                  FALL  1       
clk_ibuf_iopad/PACKAGEPIN:in   IO_PAD                  0      0                  FALL  1       
clk_ibuf_iopad/DOUT            IO_PAD                  460    460                FALL  1       
clk_ibuf_preio/PADIN           PRE_IO_PIN_TYPE_000001  0      460                FALL  1       
clk_ibuf_preio/DIN0            PRE_IO_PIN_TYPE_000001  490    950                FALL  1       
I__5/I                         Odrv4                   0      950                FALL  1       
I__5/O                         Odrv4                   649    1599               FALL  1       
I__6/I                         LocalMux                0      1599               FALL  1       
I__6/O                         LocalMux                768    2367               FALL  1       
I__7/I                         IoInMux                 0      2367               FALL  1       
I__7/O                         IoInMux                 503    2871               FALL  1       
out_obuf_preio/DOUT0           PRE_IO_PIN_TYPE_011001  0      2871               FALL  1       
out_obuf_preio/PADOUT          PRE_IO_PIN_TYPE_011001  755    3625               RISE  1       
out_obuf_iopad/DIN             IO_PAD                  0      3625               RISE  1       
out_obuf_iopad/PACKAGEPIN:out  IO_PAD                  1914   5539               RISE  1       
out                            TOP                     0      5539               RISE  1       


 =====================================================================
                    End of Path Details for Datasheet
 #####################################################################

##################################################################### 
                    Detailed Setup Report for all timing paths 
===================================================================== 

++++ Path 1 ++++++++++++++++++++++++++++++++++++++++++++++++++++++++++ 

Path Begin       : clk
Path End         : out
Setup Constraint : +INF
Path slack       : +INF

End-of-path required time (ps)           +INF

Launch Clock Arrival Time (DEFAULT:R#0)      0
+ Launch Clock Source Latency                0
+ Input Delay                                0
+ Data Path Delay                         5777
---------------------------------------   ---- 
End-of-path arrival time (ps)             5777
 
Data path
pin name                       model name              delay  cumulative delay  slack  edge  Fanout
-----------------------------  ----------------------  -----  ----------------  -----  ----  ------
clk                            TOP                         0                 0   +INF  RISE       1
clk_ibuf_iopad/PACKAGEPIN:in   IO_PAD                      0                 0   +INF  RISE       1
clk_ibuf_iopad/DOUT            IO_PAD                    510               510   +INF  RISE       1
clk_ibuf_preio/PADIN           PRE_IO_PIN_TYPE_000001      0               510   +INF  RISE       1
clk_ibuf_preio/DIN0            PRE_IO_PIN_TYPE_000001    490              1000   +INF  FALL       1
I__5/I                         Odrv4                       0              1000   +INF  FALL       1
I__5/O                         Odrv4                     649              1649   +INF  FALL       1
I__6/I                         LocalMux                    0              1649   +INF  FALL       1
I__6/O                         LocalMux                  768              2417   +INF  FALL       1
I__7/I                         IoInMux                     0              2417   +INF  FALL       1
I__7/O                         IoInMux                   503              2921   +INF  FALL       1
out_obuf_preio/DOUT0           PRE_IO_PIN_TYPE_011001      0              2921   +INF  FALL       1
out_obuf_preio/PADOUT          PRE_IO_PIN_TYPE_011001    768              3689   +INF  FALL       1
out_obuf_iopad/DIN             IO_PAD                      0              3689   +INF  FALL       1
out_obuf_iopad/PACKAGEPIN:out  IO_PAD                   2088              5777   +INF  FALL       1
out                            TOP                         0              5777   +INF  FALL       1

===================================================================== 
                    End of Detailed Setup Report for all timing paths 
##################################################################### 

##################################################################### 
                    Detailed Hold Report for all timing paths 
===================================================================== 

++++ Path 1 ++++++++++++++++++++++++++++++++++++++++++++++++++++++++++ 

Path Begin       : clk
Path End         : out
Hold Constraint  : -INF
Path slack       : +INF

End-of-path required time (ps)           +INF

Launch Clock Arrival Time (DEFAULT:R#0)      0
+ Launch Clock Source Latency                0
+ Input Delay                                0
+ Data Path Delay                         5777
---------------------------------------   ---- 
End-of-path arrival time (ps)             5777
 
Data path
pin name                       model name              delay  cumulative delay  slack  edge  Fanout
-----------------------------  ----------------------  -----  ----------------  -----  ----  ------
clk                            TOP                         0                 0   +INF  RISE       1
clk_ibuf_iopad/PACKAGEPIN:in   IO_PAD                      0                 0   +INF  RISE       1
clk_ibuf_iopad/DOUT            IO_PAD                    510               510   +INF  RISE       1
clk_ibuf_preio/PADIN           PRE_IO_PIN_TYPE_000001      0               510   +INF  RISE       1
clk_ibuf_preio/DIN0            PRE_IO_PIN_TYPE_000001    490              1000   +INF  FALL       1
I__5/I                         Odrv4                       0              1000   +INF  FALL       1
I__5/O                         Odrv4                     649              1649   +INF  FALL       1
I__6/I                         LocalMux                    0              1649   +INF  FALL       1
I__6/O                         LocalMux                  768              2417   +INF  FALL       1
I__7/I                         IoInMux                     0              2417   +INF  FALL       1
I__7/O                         IoInMux                   503              2921   +INF  FALL       1
out_obuf_preio/DOUT0           PRE_IO_PIN_TYPE_011001      0              2921   +INF  FALL       1
out_obuf_preio/PADOUT          PRE_IO_PIN_TYPE_011001    768              3689   +INF  FALL       1
out_obuf_iopad/DIN             IO_PAD                      0              3689   +INF  FALL       1
out_obuf_iopad/PACKAGEPIN:out  IO_PAD                   2088              5777   +INF  FALL       1
out                            TOP                         0              5777   +INF  FALL       1

===================================================================== 
                    End of Detailed Hold Report for all timing paths 
##################################################################### 

##################################################################### 
                    End of Timing Report 
##################################################################### 

